Removed Pin From Net: NetName=XTAL_1 Pin=Y2-1
Removed Pin From Net: NetName=XTAL_2 Pin=Y2-2
Removed Member From Class: ClassName=SCH_arduino_uno_cong Member=Y2
Added Component: Designator=Y?(Thach Anh 2 chan SMD)
Add component (AddParameter): Name = "Value"; Value = "4Mhz"; VariantName = "[No Variations]"
Added Pin To Net: NetName=XTAL_1 Pin=Y?-1
Added Pin To Net: NetName=XTAL_2 Pin=Y?-2
Added Member To Class: ClassName=SCH_arduino_uno_cong Member=Component C3 22pF
Added Member To Class: ClassName=SCH_arduino_uno_cong Member=Component C4 22pF
Added Member To Class: ClassName=SCH_arduino_uno_cong Member=Component C5 104
Added Member To Class: ClassName=SCH_arduino_uno_cong Member=Component C7 104
Added Member To Class: ClassName=SCH_arduino_uno_cong Member=Component C8 104
Added Member To Class: ClassName=SCH_arduino_uno_cong Member=Component C9 47uF
Added Member To Class: ClassName=SCH_arduino_uno_cong Member=Component C11 104
Added Member To Class: ClassName=SCH_arduino_uno_cong Member=Component C12 104
Added Member To Class: ClassName=SCH_arduino_uno_cong Member=Component JP6 JP 2x3 2.54
Added Member To Class: ClassName=SCH_arduino_uno_cong Member=Component JP8 JP 1x6 2.54
Added Member To Class: ClassName=SCH_arduino_uno_cong Member=Component JP9 JP 1x8 2.54
Added Member To Class: ClassName=SCH_arduino_uno_cong Member=Component R6 1M
Added Member To Class: ClassName=SCH_arduino_uno_cong Member=Component R7 1k
Added Member To Class: ClassName=SCH_arduino_uno_cong Member=Component R9 10k
Added Member To Class: ClassName=SCH_arduino_uno_cong Member=Component Y1 16Mhz
Added Member To Class: ClassName=SCH_arduino_uno_cong Member=Component Y? 16Mhz
Added Room: Name=SCH_arduino_uno_cong
