Removed Pin From Net: NetName=IO_12 Pin=JP11-1
Removed Pin From Net: NetName=5V Pin=JP11-2
Removed Pin From Net: NetName=IO_13 Pin=JP11-3
Removed Pin From Net: NetName=IO_11 Pin=JP11-4
Removed Pin From Net: NetName=RESET Pin=JP11-5
Removed Pin From Net: NetName=GND Pin=JP11-6
Removed Member From Class: ClassName=SCH_arduino_uno_cong Member=JP11
Added Component: Designator=JP?(JP 2x3 CT)
Add component (AddParameter): Name = "Chung_Loai"; Value = "C?m"; VariantName = "[No Variations]"
Add component (AddParameter): Name = "Don_Vi"; Value = "Con"; VariantName = "[No Variations]"
Add component (AddParameter): Name = "Ghi_Chu"; Value = ""; VariantName = "[No Variations]"
Add component (AddParameter): Name = "Kieu_Chan"; Value = ""; VariantName = "[No Variations]"
Add component (AddParameter): Name = "Ma_Hang"; Value = "MH008647"; VariantName = "[No Variations]"
Add component (AddParameter): Name = "Ten_Linh_Kien"; Value = "Jump Ðôi Cái 2.54MM 2x20P Th?ng"; VariantName = "[No Variations]"
Added Pin To Net: NetName=IO_12 Pin=JP?-1
Added Pin To Net: NetName=5V Pin=JP?-2
Added Pin To Net: NetName=IO_13 Pin=JP?-3
Added Pin To Net: NetName=IO_11 Pin=JP?-4
Added Pin To Net: NetName=RESET Pin=JP?-5
Added Pin To Net: NetName=GND Pin=JP?-6
Change Net Color : Old Net Color=RGB(158, 161, 117) New Net Color=Yellow
Change Net Color : Old Net Color=Yellow New Net Color=RGB(0, 190, 0)
Added Member To Class: ClassName=SCH_arduino_uno_cong Member=Component JP? JP 2x3 2.54
Added Room: Name=SCH_arduino_uno_cong
