Removed Pin From Net: NetName=IO_12 Pin=JP?-1
Removed Pin From Net: NetName=5V Pin=JP?-2
Removed Pin From Net: NetName=IO_13 Pin=JP?-3
Removed Pin From Net: NetName=IO_11 Pin=JP?-4
Removed Pin From Net: NetName=RESET Pin=JP?-5
Removed Pin From Net: NetName=GND Pin=JP?-6
Added Component: Designator=JP?(JP 2x3 DT)
Add component (AddParameter): Name = "Chung_Loai"; Value = "C?m"; VariantName = "[No Variations]"
Add component (AddParameter): Name = "Don_Vi"; Value = "Con"; VariantName = "[No Variations]"
Add component (AddParameter): Name = "Ghi_Chu"; Value = ""; VariantName = "[No Variations]"
Add component (AddParameter): Name = "Kieu_Chan"; Value = ""; VariantName = "[No Variations]"
Add component (AddParameter): Name = "Ma_Hang"; Value = "MH002686"; VariantName = "[No Variations]"
Add component (AddParameter): Name = "Ten_Linh_Kien"; Value = "Jump Ðôi Ð?c 2.54MM 2x40P Th?ng 11MM"; VariantName = "[No Variations]"
Added Pin To Net: NetName=IO_12 Pin=JP?-1
Added Pin To Net: NetName=5V Pin=JP?-2
Added Pin To Net: NetName=IO_13 Pin=JP?-3
Added Pin To Net: NetName=IO_11 Pin=JP?-4
Added Pin To Net: NetName=RESET Pin=JP?-5
Added Pin To Net: NetName=GND Pin=JP?-6
Added Room: Name=SCH_arduino_uno_cong
