Removed Pin From Net: NetName=GND Pin=Q*1-2
Removed Member From Class: ClassName=SCH_arduino_uno_cong Member=JP?
Removed Member From Class: ClassName=SCH_arduino_uno_cong Member=Q*1
Change Component Designator: OldDesignator=C3 NewDesignator=C5
Change Component Designator: OldDesignator=C4 NewDesignator=C6
Change Component Designator: OldDesignator=C5 NewDesignator=C7
Change Component Designator: OldDesignator=C6 NewDesignator=C8
Change Component Designator: OldDesignator=C7 NewDesignator=C9
Change Component Designator: OldDesignator=C8 NewDesignator=C10
Change Component Designator: OldDesignator=C9 NewDesignator=C11
Change Component Designator: OldDesignator=C10 NewDesignator=C12
Change Component Designator: OldDesignator=C11 NewDesignator=C13
Change Component Designator: OldDesignator=C12 NewDesignator=C14
Change Component Designator: OldDesignator=JP6 NewDesignator=JP7
Change Component Designator: OldDesignator=JP7 NewDesignator=JP8
Change Component Designator: OldDesignator=JP8 NewDesignator=JP9
Change Component Designator: OldDesignator=JP9 NewDesignator=JP10
Change Component Designator: OldDesignator=JP10 NewDesignator=JP11
Change Component Designator: OldDesignator=JP? NewDesignator=JP6
Change Component Designator: OldDesignator=R6 NewDesignator=R7
Change Component Designator: OldDesignator=R7 NewDesignator=R8
Change Component Designator: OldDesignator=R8 NewDesignator=R9
Change Component Designator: OldDesignator=R9 NewDesignator=R10
Change Component Designator: OldDesignator=R10 NewDesignator=R11
Change Component Designator: OldDesignator=U? NewDesignator=U1
Change Component Designator: OldDesignator=Y1 NewDesignator=Y2
Added Component: Designator=C3(tu 0805)
Add component (AddParameter): Name = "Chung_Loai"; Value = "Dán"; VariantName = "[No Variations]"
Add component (AddParameter): Name = "Don_Vi"; Value = "Con"; VariantName = "[No Variations]"
Add component (AddParameter): Name = "Kieu_Chan"; Value = ""; VariantName = "[No Variations]"
Add component (AddParameter): Name = "Ma_Hang"; Value = "MH004560"; VariantName = "[No Variations]"
Add component (AddParameter): Name = "So_Chan"; Value = "2"; VariantName = "[No Variations]"
Add component (AddParameter): Name = "Ten_Linh_Kien"; Value = "T? 0805 22P 10% 50V"; VariantName = "[No Variations]"
Added Component: Designator=C4(tu 0805)
Add component (AddParameter): Name = "Chung_Loai"; Value = "Dán"; VariantName = "[No Variations]"
Add component (AddParameter): Name = "Don_Vi"; Value = "Con"; VariantName = "[No Variations]"
Add component (AddParameter): Name = "Kieu_Chan"; Value = ""; VariantName = "[No Variations]"
Add component (AddParameter): Name = "Ma_Hang"; Value = "MH004560"; VariantName = "[No Variations]"
Add component (AddParameter): Name = "So_Chan"; Value = "2"; VariantName = "[No Variations]"
Add component (AddParameter): Name = "Ten_Linh_Kien"; Value = "T? 0805 22P 10% 50V"; VariantName = "[No Variations]"
Added Component: Designator=R6(tro smd 0805)
Add component (AddParameter): Name = "Chung_Loai"; Value = "Dán"; VariantName = "[No Variations]"
Add component (AddParameter): Name = "Don_Vi"; Value = "Con"; VariantName = "[No Variations]"
Add component (AddParameter): Name = "Kieu_Chan"; Value = ""; VariantName = "[No Variations]"
Add component (AddParameter): Name = "Ma_Hang"; Value = "MH005235"; VariantName = "[No Variations]"
Add component (AddParameter): Name = "So_Chan"; Value = "2"; VariantName = "[No Variations]"
Add component (AddParameter): Name = "Ten_Linh_Kien"; Value = "Tr? 0805 5% 1M"; VariantName = "[No Variations]"
Added Component: Designator=Y1(Thach Anh 2 chan SMD)
Add component (AddParameter): Name = "Value"; Value = "4Mhz"; VariantName = "[No Variations]"
Added Pin To Net: NetName=GND Pin=C3-2
Added Pin To Net: NetName=GND Pin=C4-2
Added Pin To Net: NetName=CH340_XT1 Pin=C3-1
Added Pin To Net: NetName=CH340_XT1 Pin=R6-2
Added Pin To Net: NetName=CH340_XT1 Pin=U1-7
Added Pin To Net: NetName=CH340_XT1 Pin=Y1-2
Added Net: Name=CH340_XT1
Added Pin To Net: NetName=CH340_XT2 Pin=C4-1
Added Pin To Net: NetName=CH340_XT2 Pin=R6-1
Added Pin To Net: NetName=CH340_XT2 Pin=U1-8
Added Pin To Net: NetName=CH340_XT2 Pin=Y1-1
Added Net: Name=CH340_XT2
Added Member To Class: ClassName=SCH_arduino_uno_cong Member=Component C13 104
Added Member To Class: ClassName=SCH_arduino_uno_cong Member=Component C14 104
Added Member To Class: ClassName=SCH_arduino_uno_cong Member=Component JP11 JP 1x4 2.54
Added Member To Class: ClassName=SCH_arduino_uno_cong Member=Component R11 10k
Added Member To Class: ClassName=SCH_arduino_uno_cong Member=Component Y2 16Mhz
Added Room: Name=SCH_arduino_uno_cong
